<?xml version="1.0" encoding="utf-8"?><testsuites><testsuite name="pytest" errors="0" failures="0" skipped="0" tests="3" time="1.998" timestamp="2022-11-03T21:42:44.902962" hostname="Petes-ThinkPad"><testcase classname="test.routing_test" name="test_polar" time="0.001" /><testcase classname="test.routing_test" name="test_isochrones" time="0.001" /><testcase classname="test.routing_test" name="test_fastest" time="0.166" /></testsuite></testsuites>